INFO - 2024-03-03 10:28:25:471 // celery.worker.consumer.connection | start || 22: Connected to redis://localhost:6379/1
INFO - 2024-03-03 10:28:25:572 // celery.worker.consumer.mingle | sync || 40: mingle: searching for neighbors
INFO - 2024-03-03 10:28:26:605 // celery.worker.consumer.mingle | sync || 43: mingle: sync with 1 nodes
INFO - 2024-03-03 10:28:26:613 // celery.worker.consumer.mingle | sync || 47: mingle: sync complete
INFO - 2024-03-03 10:28:26:633 // celery.apps.worker | on_consumer_ready || 175: worker1@shiva-desktop ready.
INFO - 2024-03-03 10:28:36:331 // celery.worker.strategy | task_message_handler || 161: Task accounts.tasks.serve_home_page[7acac69b-eb8c-4f38-a414-0326ca635aa1] received
INFO - 2024-03-03 10:28:36:351 // celery.app.trace | info || 131: Task accounts.tasks.serve_home_page[7acac69b-eb8c-4f38-a414-0326ca635aa1] succeeded in 0.00719933599975775s: None
INFO - 2024-03-03 10:34:43:649 // celery.worker.strategy | task_message_handler || 161: Task accounts.tasks.serve_home_page[0dae1383-2883-437b-accd-f0f7550cc3af] received
INFO - 2024-03-03 10:34:43:658 // celery.app.trace | info || 131: Task accounts.tasks.serve_home_page[0dae1383-2883-437b-accd-f0f7550cc3af] succeeded in 0.0017219389992533252s: None
INFO - 2024-03-03 10:35:01:574 // celery.worker.strategy | task_message_handler || 161: Task accounts.tasks.serve_home_page[cc614bda-75e1-4415-978d-a1f9c5bad82d] received
INFO - 2024-03-03 10:35:01:582 // celery.app.trace | info || 131: Task accounts.tasks.serve_home_page[cc614bda-75e1-4415-978d-a1f9c5bad82d] succeeded in 0.001798939999389404s: None
INFO - 2024-03-03 11:03:03:990 // celery.worker.consumer.connection | start || /home/shiva/Desktop/Project/joyfulsurprises/.venv/bin/celery:8: Connected to redis://localhost:6379/1
INFO - 2024-03-03 11:03:04:100 // celery.worker.consumer.mingle | sync || /home/shiva/Desktop/Project/joyfulsurprises/.venv/bin/celery:8: mingle: searching for neighbors
INFO - 2024-03-03 11:03:05:113 // celery.worker.consumer.mingle | sync || /home/shiva/Desktop/Project/joyfulsurprises/.venv/bin/celery:8: mingle: all alone
INFO - 2024-03-03 11:03:05:131 // celery.apps.worker | on_consumer_ready || /home/shiva/Desktop/Project/joyfulsurprises/.venv/bin/celery:8: celery@shiva-desktop ready.
INFO - 2024-03-03 11:03:05:144 // celery.worker.strategy | task_message_handler || /home/shiva/Desktop/Project/joyfulsurprises/.venv/bin/celery:8: Task accounts.tasks.serve_home_page[a57e7f72-5d89-40a1-9eb9-ecb0ed363653] received
INFO - 2024-03-03 11:03:05:157 // celery.worker.strategy | task_message_handler || /home/shiva/Desktop/Project/joyfulsurprises/.venv/bin/celery:8: Task accounts.tasks.serve_home_page[a8460668-6adc-4286-898b-8538a475463e] received
INFO - 2024-03-03 11:03:05:166 // celery.worker.strategy | task_message_handler || /home/shiva/Desktop/Project/joyfulsurprises/.venv/bin/celery:8: Task accounts.tasks.serve_home_page[2705d16a-8a2d-413a-b027-81fbf8f33d26] received
INFO - 2024-03-03 11:03:05:175 // celery.worker.strategy | task_message_handler || /home/shiva/Desktop/Project/joyfulsurprises/.venv/bin/celery:8: Task accounts.tasks.serve_home_page[2341dcfa-aa0a-4224-9d7a-8f9f4ecbea90] received
INFO - 2024-03-03 11:03:05:214 // celery.worker.strategy | task_message_handler || /home/shiva/Desktop/Project/joyfulsurprises/.venv/bin/celery:8: Task accounts.tasks.serve_home_page[2ee91561-177d-47ef-9867-9fa2586d04c6] received
INFO - 2024-03-03 11:03:05:245 // celery.worker.strategy | task_message_handler || /home/shiva/Desktop/Project/joyfulsurprises/.venv/bin/celery:8: Task accounts.tasks.serve_home_page[52e7fa5e-3757-48ca-b6a0-79a4bb9e619c] received
INFO - 2024-03-03 11:03:05:160 // celery.app.trace | info || /home/shiva/Desktop/Project/joyfulsurprises/.venv/bin/celery:8: Task accounts.tasks.serve_home_page[a57e7f72-5d89-40a1-9eb9-ecb0ed363653] succeeded in 0.004065942999659455s: None
INFO - 2024-03-03 11:03:05:279 // celery.worker.strategy | task_message_handler || /home/shiva/Desktop/Project/joyfulsurprises/.venv/bin/celery:8: Task accounts.tasks.serve_home_page[d6f1edeb-c285-445b-a6b8-1d358d2649ab] received
INFO - 2024-03-03 11:03:05:169 // celery.app.trace | info || /home/shiva/Desktop/Project/joyfulsurprises/.venv/bin/celery:8: Task accounts.tasks.serve_home_page[a8460668-6adc-4286-898b-8538a475463e] succeeded in 0.005440143000669195s: None
INFO - 2024-03-03 11:03:05:301 // celery.worker.strategy | task_message_handler || /home/shiva/Desktop/Project/joyfulsurprises/.venv/bin/celery:8: Task accounts.tasks.serve_home_page[11a51ff4-305f-4da8-9080-0d1cf7976ebf] received
INFO - 2024-03-03 11:03:05:311 // celery.app.trace | info || /home/shiva/Desktop/Project/joyfulsurprises/.venv/bin/celery:8: Task accounts.tasks.serve_home_page[2ee91561-177d-47ef-9867-9fa2586d04c6] succeeded in 0.001363411000056658s: None
INFO - 2024-03-03 11:03:05:311 // celery.app.trace | info || /home/shiva/Desktop/Project/joyfulsurprises/.venv/bin/celery:8: Task accounts.tasks.serve_home_page[52e7fa5e-3757-48ca-b6a0-79a4bb9e619c] succeeded in 0.0013482720005413285s: None
INFO - 2024-03-03 11:03:05:320 // celery.worker.strategy | task_message_handler || /home/shiva/Desktop/Project/joyfulsurprises/.venv/bin/celery:8: Task accounts.tasks.serve_home_page[2a79fda6-f271-4a37-b5ee-945d5aa817f7] received
INFO - 2024-03-03 11:03:05:329 // celery.worker.strategy | task_message_handler || /home/shiva/Desktop/Project/joyfulsurprises/.venv/bin/celery:8: Task accounts.tasks.serve_home_page[3c666d3f-01a0-4cfc-8dfc-bf6c6e5b24b0] received
INFO - 2024-03-03 11:03:05:339 // celery.worker.strategy | task_message_handler || /home/shiva/Desktop/Project/joyfulsurprises/.venv/bin/celery:8: Task accounts.tasks.serve_home_page[39a90285-4b18-4e1d-a5a6-423d1e10904d] received
INFO - 2024-03-03 11:03:05:351 // celery.app.trace | info || /home/shiva/Desktop/Project/joyfulsurprises/.venv/bin/celery:8: Task accounts.tasks.serve_home_page[d6f1edeb-c285-445b-a6b8-1d358d2649ab] succeeded in 0.003006364999237121s: None
INFO - 2024-03-03 11:03:05:357 // celery.app.trace | info || /home/shiva/Desktop/Project/joyfulsurprises/.venv/bin/celery:8: Task accounts.tasks.serve_home_page[11a51ff4-305f-4da8-9080-0d1cf7976ebf] succeeded in 0.004157964000114589s: None
INFO - 2024-03-03 11:03:05:363 // celery.worker.strategy | task_message_handler || /home/shiva/Desktop/Project/joyfulsurprises/.venv/bin/celery:8: Task accounts.tasks.serve_home_page[509a43b4-aecb-4075-80b0-601b06521b7c] received
INFO - 2024-03-03 11:03:05:377 // celery.worker.strategy | task_message_handler || /home/shiva/Desktop/Project/joyfulsurprises/.venv/bin/celery:8: Task accounts.tasks.serve_home_page[602bced5-83ca-4eb8-a7b7-6464a7bef085] received
INFO - 2024-03-03 11:03:05:189 // celery.app.trace | info || /home/shiva/Desktop/Project/joyfulsurprises/.venv/bin/celery:8: Task accounts.tasks.serve_home_page[2705d16a-8a2d-413a-b027-81fbf8f33d26] succeeded in 0.006553650000569178s: None
INFO - 2024-03-03 11:03:05:387 // celery.worker.strategy | task_message_handler || /home/shiva/Desktop/Project/joyfulsurprises/.venv/bin/celery:8: Task accounts.tasks.serve_home_page[f51ac2b0-d15b-4b76-b31e-d7d3d168ae58] received
INFO - 2024-03-03 11:03:05:396 // celery.app.trace | info || /home/shiva/Desktop/Project/joyfulsurprises/.venv/bin/celery:8: Task accounts.tasks.serve_home_page[2a79fda6-f271-4a37-b5ee-945d5aa817f7] succeeded in 0.0014785959992877906s: None
INFO - 2024-03-03 11:03:05:397 // celery.app.trace | info || /home/shiva/Desktop/Project/joyfulsurprises/.venv/bin/celery:8: Task accounts.tasks.serve_home_page[3c666d3f-01a0-4cfc-8dfc-bf6c6e5b24b0] succeeded in 0.001405332999638631s: None
INFO - 2024-03-03 11:03:05:398 // celery.worker.strategy | task_message_handler || /home/shiva/Desktop/Project/joyfulsurprises/.venv/bin/celery:8: Task accounts.tasks.serve_home_page[d28a3833-5881-4738-8880-6837ca4f4a9b] received
INFO - 2024-03-03 11:03:05:202 // celery.app.trace | info || /home/shiva/Desktop/Project/joyfulsurprises/.venv/bin/celery:8: Task accounts.tasks.serve_home_page[2341dcfa-aa0a-4224-9d7a-8f9f4ecbea90] succeeded in 0.004769294000652735s: None
INFO - 2024-03-03 11:03:05:416 // celery.worker.strategy | task_message_handler || /home/shiva/Desktop/Project/joyfulsurprises/.venv/bin/celery:8: Task accounts.tasks.serve_home_page[ba22467d-99fe-4c0b-9088-ceddfcd05065] received
INFO - 2024-03-03 11:03:05:428 // celery.app.trace | info || /home/shiva/Desktop/Project/joyfulsurprises/.venv/bin/celery:8: Task accounts.tasks.serve_home_page[602bced5-83ca-4eb8-a7b7-6464a7bef085] succeeded in 0.001779979000275489s: None
INFO - 2024-03-03 11:03:05:428 // celery.app.trace | info || /home/shiva/Desktop/Project/joyfulsurprises/.venv/bin/celery:8: Task accounts.tasks.serve_home_page[f51ac2b0-d15b-4b76-b31e-d7d3d168ae58] succeeded in 0.0019540509983926313s: None
INFO - 2024-03-03 11:03:05:428 // celery.app.trace | info || /home/shiva/Desktop/Project/joyfulsurprises/.venv/bin/celery:8: Task accounts.tasks.serve_home_page[39a90285-4b18-4e1d-a5a6-423d1e10904d] succeeded in 0.0023407320004480425s: None
INFO - 2024-03-03 11:03:05:429 // celery.worker.strategy | task_message_handler || /home/shiva/Desktop/Project/joyfulsurprises/.venv/bin/celery:8: Task accounts.tasks.serve_home_page[4f38ab5e-2654-4b25-b431-cfe42d640a0c] received
INFO - 2024-03-03 11:03:05:436 // celery.app.trace | info || /home/shiva/Desktop/Project/joyfulsurprises/.venv/bin/celery:8: Task accounts.tasks.serve_home_page[509a43b4-aecb-4075-80b0-601b06521b7c] succeeded in 0.010315891999198357s: None
INFO - 2024-03-03 11:03:05:443 // celery.worker.strategy | task_message_handler || /home/shiva/Desktop/Project/joyfulsurprises/.venv/bin/celery:8: Task accounts.tasks.serve_home_page[a2a674e8-ad5b-4a2c-a171-be08d19887b5] received
INFO - 2024-03-03 11:03:05:453 // celery.app.trace | info || /home/shiva/Desktop/Project/joyfulsurprises/.venv/bin/celery:8: Task accounts.tasks.serve_home_page[4f38ab5e-2654-4b25-b431-cfe42d640a0c] succeeded in 0.0016545760008739308s: None
INFO - 2024-03-03 11:03:05:453 // celery.app.trace | info || /home/shiva/Desktop/Project/joyfulsurprises/.venv/bin/celery:8: Task accounts.tasks.serve_home_page[d28a3833-5881-4738-8880-6837ca4f4a9b] succeeded in 0.0020012090008094674s: None
INFO - 2024-03-03 11:03:05:454 // celery.app.trace | info || /home/shiva/Desktop/Project/joyfulsurprises/.venv/bin/celery:8: Task accounts.tasks.serve_home_page[a2a674e8-ad5b-4a2c-a171-be08d19887b5] succeeded in 0.0015146409987210063s: None
INFO - 2024-03-03 11:03:05:459 // celery.worker.strategy | task_message_handler || /home/shiva/Desktop/Project/joyfulsurprises/.venv/bin/celery:8: Task accounts.tasks.serve_home_page[365ca053-8d5e-4d1a-932c-1b30b68a3386] received
INFO - 2024-03-03 11:03:05:462 // celery.app.trace | info || /home/shiva/Desktop/Project/joyfulsurprises/.venv/bin/celery:8: Task accounts.tasks.serve_home_page[ba22467d-99fe-4c0b-9088-ceddfcd05065] succeeded in 0.010705747999963933s: None
INFO - 2024-03-03 11:03:05:471 // celery.worker.strategy | task_message_handler || /home/shiva/Desktop/Project/joyfulsurprises/.venv/bin/celery:8: Task accounts.tasks.serve_home_page[1d56d6b8-74c9-456b-8928-5fdeb7571449] received
INFO - 2024-03-03 11:03:05:480 // celery.worker.strategy | task_message_handler || /home/shiva/Desktop/Project/joyfulsurprises/.venv/bin/celery:8: Task accounts.tasks.serve_home_page[0024d78a-0aea-4a27-9e0e-ec56b5d5b5f1] received
INFO - 2024-03-03 11:03:05:491 // celery.app.trace | info || /home/shiva/Desktop/Project/joyfulsurprises/.venv/bin/celery:8: Task accounts.tasks.serve_home_page[365ca053-8d5e-4d1a-932c-1b30b68a3386] succeeded in 0.0023477689992432715s: None
INFO - 2024-03-03 11:03:05:493 // celery.worker.strategy | task_message_handler || /home/shiva/Desktop/Project/joyfulsurprises/.venv/bin/celery:8: Task accounts.tasks.serve_home_page[abd7902a-7782-4875-b8e3-22cc6a8283ed] received
INFO - 2024-03-03 11:03:05:492 // celery.app.trace | info || /home/shiva/Desktop/Project/joyfulsurprises/.venv/bin/celery:8: Task accounts.tasks.serve_home_page[0024d78a-0aea-4a27-9e0e-ec56b5d5b5f1] succeeded in 0.002214124000602169s: None
INFO - 2024-03-03 11:03:05:503 // celery.app.trace | info || /home/shiva/Desktop/Project/joyfulsurprises/.venv/bin/celery:8: Task accounts.tasks.serve_home_page[1d56d6b8-74c9-456b-8928-5fdeb7571449] succeeded in 0.014220393999494263s: None
INFO - 2024-03-03 11:03:05:507 // celery.worker.strategy | task_message_handler || /home/shiva/Desktop/Project/joyfulsurprises/.venv/bin/celery:8: Task accounts.tasks.serve_home_page[38b52fe0-ed3f-43b0-996a-c6ea481755d0] received
INFO - 2024-03-03 11:03:05:516 // celery.worker.strategy | task_message_handler || /home/shiva/Desktop/Project/joyfulsurprises/.venv/bin/celery:8: Task accounts.tasks.serve_home_page[3286b4ad-78dd-49bc-b743-85546b315167] received
INFO - 2024-03-03 11:03:05:516 // celery.app.trace | info || /home/shiva/Desktop/Project/joyfulsurprises/.venv/bin/celery:8: Task accounts.tasks.serve_home_page[38b52fe0-ed3f-43b0-996a-c6ea481755d0] succeeded in 0.0016902580009627854s: None
INFO - 2024-03-03 11:03:05:526 // celery.worker.strategy | task_message_handler || /home/shiva/Desktop/Project/joyfulsurprises/.venv/bin/celery:8: Task accounts.tasks.serve_home_page[649ca86f-db5a-4b9b-918b-c9f2f471d2e6] received
INFO - 2024-03-03 11:03:05:516 // celery.app.trace | info || /home/shiva/Desktop/Project/joyfulsurprises/.venv/bin/celery:8: Task accounts.tasks.serve_home_page[abd7902a-7782-4875-b8e3-22cc6a8283ed] succeeded in 0.002301951999470475s: None
INFO - 2024-03-03 11:03:05:527 // celery.app.trace | info || /home/shiva/Desktop/Project/joyfulsurprises/.venv/bin/celery:8: Task accounts.tasks.serve_home_page[3286b4ad-78dd-49bc-b743-85546b315167] succeeded in 0.002909595999881276s: None
INFO - 2024-03-03 11:03:05:535 // celery.worker.strategy | task_message_handler || /home/shiva/Desktop/Project/joyfulsurprises/.venv/bin/celery:8: Task accounts.tasks.serve_home_page[195a1174-e3aa-4aaa-8301-2a1888c5a7fa] received
INFO - 2024-03-03 11:03:05:543 // celery.worker.strategy | task_message_handler || /home/shiva/Desktop/Project/joyfulsurprises/.venv/bin/celery:8: Task accounts.tasks.serve_home_page[d19dc307-3aba-45e3-acd4-d94371985b47] received
INFO - 2024-03-03 11:03:05:545 // celery.app.trace | info || /home/shiva/Desktop/Project/joyfulsurprises/.venv/bin/celery:8: Task accounts.tasks.serve_home_page[649ca86f-db5a-4b9b-918b-c9f2f471d2e6] succeeded in 0.003690799998366856s: None
INFO - 2024-03-03 11:03:05:547 // celery.app.trace | info || /home/shiva/Desktop/Project/joyfulsurprises/.venv/bin/celery:8: Task accounts.tasks.serve_home_page[195a1174-e3aa-4aaa-8301-2a1888c5a7fa] succeeded in 0.005197602000407642s: None
INFO - 2024-03-03 11:03:05:551 // celery.worker.strategy | task_message_handler || /home/shiva/Desktop/Project/joyfulsurprises/.venv/bin/celery:8: Task accounts.tasks.serve_home_page[1722d283-4bec-430c-b5bc-7c31a7f2beba] received
INFO - 2024-03-03 11:03:05:559 // celery.worker.strategy | task_message_handler || /home/shiva/Desktop/Project/joyfulsurprises/.venv/bin/celery:8: Task accounts.tasks.serve_home_page[916316bb-9062-4084-befe-4d2b08e3cfbf] received
INFO - 2024-03-03 11:03:05:560 // celery.app.trace | info || /home/shiva/Desktop/Project/joyfulsurprises/.venv/bin/celery:8: Task accounts.tasks.serve_home_page[d19dc307-3aba-45e3-acd4-d94371985b47] succeeded in 0.0023449909986084094s: None
INFO - 2024-03-03 11:03:05:561 // celery.app.trace | info || /home/shiva/Desktop/Project/joyfulsurprises/.venv/bin/celery:8: Task accounts.tasks.serve_home_page[1722d283-4bec-430c-b5bc-7c31a7f2beba] succeeded in 0.0027157290005561663s: None
INFO - 2024-03-03 11:03:05:567 // celery.worker.strategy | task_message_handler || /home/shiva/Desktop/Project/joyfulsurprises/.venv/bin/celery:8: Task accounts.tasks.serve_home_page[e01ec1b8-f311-40b6-bc33-55d17c7deaef] received
INFO - 2024-03-03 11:03:05:577 // celery.worker.strategy | task_message_handler || /home/shiva/Desktop/Project/joyfulsurprises/.venv/bin/celery:8: Task accounts.tasks.serve_home_page[6ba59a35-9bf1-49ce-96bd-e4727910e05d] received
INFO - 2024-03-03 11:03:05:578 // celery.app.trace | info || /home/shiva/Desktop/Project/joyfulsurprises/.venv/bin/celery:8: Task accounts.tasks.serve_home_page[e01ec1b8-f311-40b6-bc33-55d17c7deaef] succeeded in 0.003833848000795115s: None
INFO - 2024-03-03 11:03:05:579 // celery.app.trace | info || /home/shiva/Desktop/Project/joyfulsurprises/.venv/bin/celery:8: Task accounts.tasks.serve_home_page[916316bb-9062-4084-befe-4d2b08e3cfbf] succeeded in 0.005100255000797915s: None
INFO - 2024-03-03 11:03:05:586 // celery.worker.strategy | task_message_handler || /home/shiva/Desktop/Project/joyfulsurprises/.venv/bin/celery:8: Task accounts.tasks.serve_home_page[8ded6976-ecfb-4df9-aaad-dcb85956e18f] received
INFO - 2024-03-03 11:03:05:596 // celery.worker.strategy | task_message_handler || /home/shiva/Desktop/Project/joyfulsurprises/.venv/bin/celery:8: Task accounts.tasks.serve_home_page[49c61f4a-ee11-4b80-bef5-f2e34c83a9bb] received
INFO - 2024-03-03 11:03:05:596 // celery.app.trace | info || /home/shiva/Desktop/Project/joyfulsurprises/.venv/bin/celery:8: Task accounts.tasks.serve_home_page[6ba59a35-9bf1-49ce-96bd-e4727910e05d] succeeded in 0.0023675510001339717s: None
INFO - 2024-03-03 11:03:05:604 // celery.worker.strategy | task_message_handler || /home/shiva/Desktop/Project/joyfulsurprises/.venv/bin/celery:8: Task accounts.tasks.serve_home_page[67663a42-9a29-4727-ba2c-dc06a5f8a09f] received
INFO - 2024-03-03 11:03:05:604 // celery.app.trace | info || /home/shiva/Desktop/Project/joyfulsurprises/.venv/bin/celery:8: Task accounts.tasks.serve_home_page[8ded6976-ecfb-4df9-aaad-dcb85956e18f] succeeded in 0.010142507000637124s: None
INFO - 2024-03-03 11:03:05:613 // celery.app.trace | info || /home/shiva/Desktop/Project/joyfulsurprises/.venv/bin/celery:8: Task accounts.tasks.serve_home_page[67663a42-9a29-4727-ba2c-dc06a5f8a09f] succeeded in 0.0015733260006527416s: None
INFO - 2024-03-03 11:03:05:613 // celery.app.trace | info || /home/shiva/Desktop/Project/joyfulsurprises/.venv/bin/celery:8: Task accounts.tasks.serve_home_page[49c61f4a-ee11-4b80-bef5-f2e34c83a9bb] succeeded in 0.0022585160004382487s: None
INFO - 2024-03-03 11:03:05:617 // celery.worker.strategy | task_message_handler || /home/shiva/Desktop/Project/joyfulsurprises/.venv/bin/celery:8: Task accounts.tasks.serve_home_page[2cb4f0ac-40ef-4715-9152-9a6f7e55eee9] received
INFO - 2024-03-03 11:03:05:625 // celery.app.trace | info || /home/shiva/Desktop/Project/joyfulsurprises/.venv/bin/celery:8: Task accounts.tasks.serve_home_page[2cb4f0ac-40ef-4715-9152-9a6f7e55eee9] succeeded in 0.001665604000663734s: None
INFO - 2024-03-03 11:03:05:626 // celery.worker.strategy | task_message_handler || /home/shiva/Desktop/Project/joyfulsurprises/.venv/bin/celery:8: Task accounts.tasks.serve_home_page[0efc3a7e-a72a-43a8-8a6e-7b840de1fdb4] received
INFO - 2024-03-03 11:03:05:634 // celery.worker.strategy | task_message_handler || /home/shiva/Desktop/Project/joyfulsurprises/.venv/bin/celery:8: Task accounts.tasks.serve_home_page[92c74aa8-9ad2-4016-bcae-86f9372c2c8d] received
INFO - 2024-03-03 11:03:05:644 // celery.app.trace | info || /home/shiva/Desktop/Project/joyfulsurprises/.venv/bin/celery:8: Task accounts.tasks.serve_home_page[0efc3a7e-a72a-43a8-8a6e-7b840de1fdb4] succeeded in 0.002632226998684928s: None
INFO - 2024-03-03 11:03:05:645 // celery.app.trace | info || /home/shiva/Desktop/Project/joyfulsurprises/.venv/bin/celery:8: Task accounts.tasks.serve_home_page[92c74aa8-9ad2-4016-bcae-86f9372c2c8d] succeeded in 0.0016686399994796375s: None
INFO - 2024-03-03 11:03:05:650 // celery.worker.strategy | task_message_handler || /home/shiva/Desktop/Project/joyfulsurprises/.venv/bin/celery:8: Task accounts.tasks.serve_home_page[8aa52e47-5735-484f-a432-b8dddf75a045] received
INFO - 2024-03-03 11:03:05:661 // celery.worker.strategy | task_message_handler || /home/shiva/Desktop/Project/joyfulsurprises/.venv/bin/celery:8: Task accounts.tasks.serve_home_page[21ba6aff-815c-402f-8574-7e5414b191cd] received
INFO - 2024-03-03 11:03:05:663 // celery.app.trace | info || /home/shiva/Desktop/Project/joyfulsurprises/.venv/bin/celery:8: Task accounts.tasks.serve_home_page[8aa52e47-5735-484f-a432-b8dddf75a045] succeeded in 0.003167084998494829s: None
INFO - 2024-03-03 11:03:05:671 // celery.worker.strategy | task_message_handler || /home/shiva/Desktop/Project/joyfulsurprises/.venv/bin/celery:8: Task accounts.tasks.serve_home_page[e8df3624-e293-43db-b89e-7ebcce7fdb99] received
INFO - 2024-03-03 11:03:05:671 // celery.app.trace | info || /home/shiva/Desktop/Project/joyfulsurprises/.venv/bin/celery:8: Task accounts.tasks.serve_home_page[21ba6aff-815c-402f-8574-7e5414b191cd] succeeded in 0.0020300050000514602s: None
INFO - 2024-03-03 11:03:05:680 // celery.worker.strategy | task_message_handler || /home/shiva/Desktop/Project/joyfulsurprises/.venv/bin/celery:8: Task accounts.tasks.serve_home_page[fafd0f1a-7fa1-4e8b-9210-5a9201a01f65] received
INFO - 2024-03-03 11:03:05:689 // celery.worker.strategy | task_message_handler || /home/shiva/Desktop/Project/joyfulsurprises/.venv/bin/celery:8: Task accounts.tasks.serve_home_page[a73aec6b-2370-42bb-b925-fe0a7efd6c65] received
INFO - 2024-03-03 11:03:05:689 // celery.app.trace | info || /home/shiva/Desktop/Project/joyfulsurprises/.venv/bin/celery:8: Task accounts.tasks.serve_home_page[fafd0f1a-7fa1-4e8b-9210-5a9201a01f65] succeeded in 0.0019073419989581453s: None
INFO - 2024-03-03 11:03:05:690 // celery.app.trace | info || /home/shiva/Desktop/Project/joyfulsurprises/.venv/bin/celery:8: Task accounts.tasks.serve_home_page[e8df3624-e293-43db-b89e-7ebcce7fdb99] succeeded in 0.0029563099997176323s: None
INFO - 2024-03-03 11:03:05:702 // celery.worker.strategy | task_message_handler || /home/shiva/Desktop/Project/joyfulsurprises/.venv/bin/celery:8: Task accounts.tasks.serve_home_page[bef34330-de23-4d53-aa31-208835b620d9] received
INFO - 2024-03-03 11:03:05:702 // celery.app.trace | info || /home/shiva/Desktop/Project/joyfulsurprises/.venv/bin/celery:8: Task accounts.tasks.serve_home_page[a73aec6b-2370-42bb-b925-fe0a7efd6c65] succeeded in 0.0030541109990736004s: None
INFO - 2024-03-03 11:03:05:711 // celery.worker.strategy | task_message_handler || /home/shiva/Desktop/Project/joyfulsurprises/.venv/bin/celery:8: Task accounts.tasks.serve_home_page[ffb942c9-fc95-43a3-a2cc-1877005b2661] received
INFO - 2024-03-03 11:03:05:712 // celery.app.trace | info || /home/shiva/Desktop/Project/joyfulsurprises/.venv/bin/celery:8: Task accounts.tasks.serve_home_page[bef34330-de23-4d53-aa31-208835b620d9] succeeded in 0.0024487480004609097s: None
INFO - 2024-03-03 11:03:05:720 // celery.worker.strategy | task_message_handler || /home/shiva/Desktop/Project/joyfulsurprises/.venv/bin/celery:8: Task accounts.tasks.serve_home_page[cc0352da-c2ad-4ead-976b-6274379f1883] received
INFO - 2024-03-03 11:03:05:722 // celery.app.trace | info || /home/shiva/Desktop/Project/joyfulsurprises/.venv/bin/celery:8: Task accounts.tasks.serve_home_page[ffb942c9-fc95-43a3-a2cc-1877005b2661] succeeded in 0.002090619000227889s: None
INFO - 2024-03-03 11:03:05:732 // celery.app.trace | info || /home/shiva/Desktop/Project/joyfulsurprises/.venv/bin/celery:8: Task accounts.tasks.serve_home_page[cc0352da-c2ad-4ead-976b-6274379f1883] succeeded in 0.0037948659992252942s: None
INFO - 2024-03-03 11:03:05:733 // celery.worker.strategy | task_message_handler || /home/shiva/Desktop/Project/joyfulsurprises/.venv/bin/celery:8: Task accounts.tasks.serve_home_page[c5085c16-f445-4203-b683-4f5c35bccd2b] received
INFO - 2024-03-03 11:03:05:746 // celery.worker.strategy | task_message_handler || /home/shiva/Desktop/Project/joyfulsurprises/.venv/bin/celery:8: Task accounts.tasks.serve_home_page[68ebc4c5-ecf1-4ebe-ad01-50aaaefb8b7e] received
INFO - 2024-03-03 11:03:05:758 // celery.app.trace | info || /home/shiva/Desktop/Project/joyfulsurprises/.venv/bin/celery:8: Task accounts.tasks.serve_home_page[68ebc4c5-ecf1-4ebe-ad01-50aaaefb8b7e] succeeded in 0.002145382000890095s: None
INFO - 2024-03-03 11:03:05:755 // celery.app.trace | info || /home/shiva/Desktop/Project/joyfulsurprises/.venv/bin/celery:8: Task accounts.tasks.serve_home_page[c5085c16-f445-4203-b683-4f5c35bccd2b] succeeded in 0.007219655999506358s: None
INFO - 2024-03-03 11:03:05:763 // celery.worker.strategy | task_message_handler || /home/shiva/Desktop/Project/joyfulsurprises/.venv/bin/celery:8: Task accounts.tasks.serve_home_page[60ea654b-4a96-4e4a-a903-e1f1b5a5c968] received
INFO - 2024-03-03 11:03:05:776 // celery.worker.strategy | task_message_handler || /home/shiva/Desktop/Project/joyfulsurprises/.venv/bin/celery:8: Task accounts.tasks.serve_home_page[079b350e-3c5e-4716-baaa-614a1f1503db] received
INFO - 2024-03-03 11:03:05:789 // celery.app.trace | info || /home/shiva/Desktop/Project/joyfulsurprises/.venv/bin/celery:8: Task accounts.tasks.serve_home_page[079b350e-3c5e-4716-baaa-614a1f1503db] succeeded in 0.0032967709994409233s: None
INFO - 2024-03-03 11:03:05:787 // celery.app.trace | info || /home/shiva/Desktop/Project/joyfulsurprises/.venv/bin/celery:8: Task accounts.tasks.serve_home_page[60ea654b-4a96-4e4a-a903-e1f1b5a5c968] succeeded in 0.001856271999713499s: None
INFO - 2024-03-03 11:03:05:790 // celery.worker.strategy | task_message_handler || /home/shiva/Desktop/Project/joyfulsurprises/.venv/bin/celery:8: Task accounts.tasks.serve_home_page[b1f22d90-7a19-48cf-9a09-25549314ad3d] received
INFO - 2024-03-03 11:03:05:805 // celery.worker.strategy | task_message_handler || /home/shiva/Desktop/Project/joyfulsurprises/.venv/bin/celery:8: Task accounts.tasks.serve_home_page[373e7084-bf04-43e5-a34b-1bd692dadd2f] received
INFO - 2024-03-03 11:03:05:825 // celery.app.trace | info || /home/shiva/Desktop/Project/joyfulsurprises/.venv/bin/celery:8: Task accounts.tasks.serve_home_page[373e7084-bf04-43e5-a34b-1bd692dadd2f] succeeded in 0.003974545999881229s: None
INFO - 2024-03-03 11:03:05:825 // celery.worker.strategy | task_message_handler || /home/shiva/Desktop/Project/joyfulsurprises/.venv/bin/celery:8: Task accounts.tasks.serve_home_page[f2c9ecc0-ca7a-4c8d-a0aa-a3315b8d4dc0] received
INFO - 2024-03-03 11:03:05:817 // celery.app.trace | info || /home/shiva/Desktop/Project/joyfulsurprises/.venv/bin/celery:8: Task accounts.tasks.serve_home_page[b1f22d90-7a19-48cf-9a09-25549314ad3d] succeeded in 0.0032428869999421295s: None
INFO - 2024-03-03 11:03:05:840 // celery.worker.strategy | task_message_handler || /home/shiva/Desktop/Project/joyfulsurprises/.venv/bin/celery:8: Task accounts.tasks.serve_home_page[0ae409b1-08d0-4911-9fca-caa9fb67e5df] received
INFO - 2024-03-03 11:03:05:852 // celery.worker.strategy | task_message_handler || /home/shiva/Desktop/Project/joyfulsurprises/.venv/bin/celery:8: Task accounts.tasks.serve_home_page[49896a3d-6aaf-4353-a6ec-743b4634e622] received
INFO - 2024-03-03 11:03:05:851 // celery.app.trace | info || /home/shiva/Desktop/Project/joyfulsurprises/.venv/bin/celery:8: Task accounts.tasks.serve_home_page[0ae409b1-08d0-4911-9fca-caa9fb67e5df] succeeded in 0.003800844000579673s: None
INFO - 2024-03-03 11:03:05:860 // celery.app.trace | info || /home/shiva/Desktop/Project/joyfulsurprises/.venv/bin/celery:8: Task accounts.tasks.serve_home_page[f2c9ecc0-ca7a-4c8d-a0aa-a3315b8d4dc0] succeeded in 0.020394299001054605s: None
INFO - 2024-03-03 11:03:05:866 // celery.app.trace | info || /home/shiva/Desktop/Project/joyfulsurprises/.venv/bin/celery:8: Task accounts.tasks.serve_home_page[49896a3d-6aaf-4353-a6ec-743b4634e622] succeeded in 0.002202593999754754s: None
INFO - 2024-03-03 11:03:05:869 // celery.worker.strategy | task_message_handler || /home/shiva/Desktop/Project/joyfulsurprises/.venv/bin/celery:8: Task accounts.tasks.serve_home_page[45590df0-c398-412b-915e-4cc9fdfa63f5] received
INFO - 2024-03-03 11:03:05:888 // celery.app.trace | info || /home/shiva/Desktop/Project/joyfulsurprises/.venv/bin/celery:8: Task accounts.tasks.serve_home_page[45590df0-c398-412b-915e-4cc9fdfa63f5] succeeded in 0.0031645029994251672s: None
INFO - 2024-03-03 11:03:15:906 // celery.worker.consumer.connection | start || /home/shiva/Desktop/Project/joyfulsurprises/.venv/bin/celery:8: Connected to redis://localhost:6379/1
INFO - 2024-03-03 11:03:16:021 // celery.worker.consumer.mingle | sync || /home/shiva/Desktop/Project/joyfulsurprises/.venv/bin/celery:8: mingle: searching for neighbors
INFO - 2024-03-03 11:03:17:035 // celery.worker.consumer.mingle | sync || /home/shiva/Desktop/Project/joyfulsurprises/.venv/bin/celery:8: mingle: all alone
INFO - 2024-03-03 11:03:17:053 // celery.apps.worker | on_consumer_ready || /home/shiva/Desktop/Project/joyfulsurprises/.venv/bin/celery:8: celery@shiva-desktop ready.
INFO - 2024-03-03 11:03:34:835 // celery.worker.control | enable_events || /home/shiva/Desktop/Project/joyfulsurprises/.venv/bin/celery:8: Events of group {task} enabled by remote.
INFO - 2024-03-03 11:05:48:623 // celery.worker.strategy | task_message_handler || /home/shiva/Desktop/Project/joyfulsurprises/.venv/bin/celery:8: Task accounts.tasks.send_verification_email[e102a6a7-ac9b-48e7-85a7-d0ccc2c25d22] received
ERROR - 2024-03-03 11:05:48:638 // celery.app.trace | _log_error || /home/shiva/Desktop/Project/joyfulsurprises/.venv/bin/celery:8: Task accounts.tasks.send_verification_email[e102a6a7-ac9b-48e7-85a7-d0ccc2c25d22] raised unexpected: TypeError('send_verification_email() takes 0 positional arguments but 1 was given')
Traceback (most recent call last):
  File "/home/shiva/Desktop/Project/joyfulsurprises/.venv/lib/python3.10/site-packages/celery/app/trace.py", line 477, in trace_task
    R = retval = fun(*args, **kwargs)
  File "/home/shiva/Desktop/Project/joyfulsurprises/.venv/lib/python3.10/site-packages/celery/app/trace.py", line 760, in __protected_call__
    return self.run(*args, **kwargs)
TypeError: send_verification_email() takes 0 positional arguments but 1 was given
INFO - 2024-03-03 11:25:40:296 // celery.worker.strategy | task_message_handler || /home/shiva/Desktop/Project/joyfulsurprises/.venv/bin/celery:8: Task accounts.tasks.send_verification_email[66a0cea7-d7ac-47e2-934d-8d66ebbd5330] received
ERROR - 2024-03-03 11:25:40:307 // celery.app.trace | _log_error || /home/shiva/Desktop/Project/joyfulsurprises/.venv/bin/celery:8: Task accounts.tasks.send_verification_email[66a0cea7-d7ac-47e2-934d-8d66ebbd5330] raised unexpected: TypeError('send_verification_email() takes 0 positional arguments but 1 was given')
Traceback (most recent call last):
  File "/home/shiva/Desktop/Project/joyfulsurprises/.venv/lib/python3.10/site-packages/celery/app/trace.py", line 477, in trace_task
    R = retval = fun(*args, **kwargs)
  File "/home/shiva/Desktop/Project/joyfulsurprises/.venv/lib/python3.10/site-packages/celery/app/trace.py", line 760, in __protected_call__
    return self.run(*args, **kwargs)
TypeError: send_verification_email() takes 0 positional arguments but 1 was given
INFO - 2024-03-03 11:26:55:699 // celery.worker.strategy | task_message_handler || /home/shiva/Desktop/Project/joyfulsurprises/.venv/bin/celery:8: Task accounts.tasks.send_verification_email[74a801d8-6199-4a1a-91e2-3b77bec4e403] received
ERROR - 2024-03-03 11:26:55:707 // celery.app.trace | _log_error || /home/shiva/Desktop/Project/joyfulsurprises/.venv/bin/celery:8: Task accounts.tasks.send_verification_email[74a801d8-6199-4a1a-91e2-3b77bec4e403] raised unexpected: TypeError('send_verification_email() takes 0 positional arguments but 1 was given')
Traceback (most recent call last):
  File "/home/shiva/Desktop/Project/joyfulsurprises/.venv/lib/python3.10/site-packages/celery/app/trace.py", line 477, in trace_task
    R = retval = fun(*args, **kwargs)
  File "/home/shiva/Desktop/Project/joyfulsurprises/.venv/lib/python3.10/site-packages/celery/app/trace.py", line 760, in __protected_call__
    return self.run(*args, **kwargs)
TypeError: send_verification_email() takes 0 positional arguments but 1 was given
INFO - 2024-03-03 11:27:58:236 // celery.worker.strategy | task_message_handler || /home/shiva/Desktop/Project/joyfulsurprises/.venv/bin/celery:8: Task accounts.tasks.send_verification_email[75b523f0-bc82-4f92-9dce-96bb3b2aefef] received
ERROR - 2024-03-03 11:27:58:246 // celery.app.trace | _log_error || /home/shiva/Desktop/Project/joyfulsurprises/.venv/bin/celery:8: Task accounts.tasks.send_verification_email[75b523f0-bc82-4f92-9dce-96bb3b2aefef] raised unexpected: TypeError('send_verification_email() takes 0 positional arguments but 1 was given')
Traceback (most recent call last):
  File "/home/shiva/Desktop/Project/joyfulsurprises/.venv/lib/python3.10/site-packages/celery/app/trace.py", line 477, in trace_task
    R = retval = fun(*args, **kwargs)
  File "/home/shiva/Desktop/Project/joyfulsurprises/.venv/lib/python3.10/site-packages/celery/app/trace.py", line 760, in __protected_call__
    return self.run(*args, **kwargs)
TypeError: send_verification_email() takes 0 positional arguments but 1 was given
INFO - 2024-03-03 11:32:56:795 // celery.worker.strategy | task_message_handler || /home/shiva/Desktop/Project/joyfulsurprises/.venv/bin/celery:8: Task accounts.tasks.send_verification_email[94bf51da-b6b8-48dd-ab5b-916cf6923c50] received
ERROR - 2024-03-03 11:32:56:804 // celery.app.trace | _log_error || /home/shiva/Desktop/Project/joyfulsurprises/.venv/bin/celery:8: Task accounts.tasks.send_verification_email[94bf51da-b6b8-48dd-ab5b-916cf6923c50] raised unexpected: TypeError('send_verification_email() takes 0 positional arguments but 1 was given')
Traceback (most recent call last):
  File "/home/shiva/Desktop/Project/joyfulsurprises/.venv/lib/python3.10/site-packages/celery/app/trace.py", line 477, in trace_task
    R = retval = fun(*args, **kwargs)
  File "/home/shiva/Desktop/Project/joyfulsurprises/.venv/lib/python3.10/site-packages/celery/app/trace.py", line 760, in __protected_call__
    return self.run(*args, **kwargs)
TypeError: send_verification_email() takes 0 positional arguments but 1 was given
INFO - 2024-03-03 11:33:06:083 // celery.worker.strategy | task_message_handler || /home/shiva/Desktop/Project/joyfulsurprises/.venv/bin/celery:8: Task accounts.tasks.send_verification_email[719e792d-7af0-481e-b47d-bc869198e6b3] received
ERROR - 2024-03-03 11:33:06:093 // celery.app.trace | _log_error || /home/shiva/Desktop/Project/joyfulsurprises/.venv/bin/celery:8: Task accounts.tasks.send_verification_email[719e792d-7af0-481e-b47d-bc869198e6b3] raised unexpected: TypeError('send_verification_email() takes 0 positional arguments but 1 was given')
Traceback (most recent call last):
  File "/home/shiva/Desktop/Project/joyfulsurprises/.venv/lib/python3.10/site-packages/celery/app/trace.py", line 477, in trace_task
    R = retval = fun(*args, **kwargs)
  File "/home/shiva/Desktop/Project/joyfulsurprises/.venv/lib/python3.10/site-packages/celery/app/trace.py", line 760, in __protected_call__
    return self.run(*args, **kwargs)
TypeError: send_verification_email() takes 0 positional arguments but 1 was given
INFO - 2024-03-03 11:33:35:792 // celery.worker.strategy | task_message_handler || /home/shiva/Desktop/Project/joyfulsurprises/.venv/bin/celery:8: Task accounts.tasks.send_verification_email[b851e874-2e3e-4036-9d68-cd95c9dfa57d] received
ERROR - 2024-03-03 11:33:35:802 // celery.app.trace | _log_error || /home/shiva/Desktop/Project/joyfulsurprises/.venv/bin/celery:8: Task accounts.tasks.send_verification_email[b851e874-2e3e-4036-9d68-cd95c9dfa57d] raised unexpected: TypeError('send_verification_email() takes 0 positional arguments but 1 was given')
Traceback (most recent call last):
  File "/home/shiva/Desktop/Project/joyfulsurprises/.venv/lib/python3.10/site-packages/celery/app/trace.py", line 477, in trace_task
    R = retval = fun(*args, **kwargs)
  File "/home/shiva/Desktop/Project/joyfulsurprises/.venv/lib/python3.10/site-packages/celery/app/trace.py", line 760, in __protected_call__
    return self.run(*args, **kwargs)
TypeError: send_verification_email() takes 0 positional arguments but 1 was given
INFO - 2024-03-03 11:34:48:242 // celery.worker.strategy | task_message_handler || /home/shiva/Desktop/Project/joyfulsurprises/.venv/bin/celery:8: Task accounts.tasks.send_verification_email[c73321d8-ce91-400e-86c1-dec9a88dfb30] received
ERROR - 2024-03-03 11:34:48:254 // celery.app.trace | _log_error || /home/shiva/Desktop/Project/joyfulsurprises/.venv/bin/celery:8: Task accounts.tasks.send_verification_email[c73321d8-ce91-400e-86c1-dec9a88dfb30] raised unexpected: TypeError('send_verification_email() takes 0 positional arguments but 1 was given')
Traceback (most recent call last):
  File "/home/shiva/Desktop/Project/joyfulsurprises/.venv/lib/python3.10/site-packages/celery/app/trace.py", line 477, in trace_task
    R = retval = fun(*args, **kwargs)
  File "/home/shiva/Desktop/Project/joyfulsurprises/.venv/lib/python3.10/site-packages/celery/app/trace.py", line 760, in __protected_call__
    return self.run(*args, **kwargs)
TypeError: send_verification_email() takes 0 positional arguments but 1 was given
INFO - 2024-03-03 17:05:56:196 // celery.worker.consumer.connection | start || /home/shiva/Desktop/Project/joyfulsurprises/.venv/bin/celery:8: Connected to redis://localhost:6379/1
INFO - 2024-03-03 17:05:56:307 // celery.worker.consumer.mingle | sync || /home/shiva/Desktop/Project/joyfulsurprises/.venv/bin/celery:8: mingle: searching for neighbors
INFO - 2024-03-03 17:05:57:321 // celery.worker.consumer.mingle | sync || /home/shiva/Desktop/Project/joyfulsurprises/.venv/bin/celery:8: mingle: all alone
INFO - 2024-03-03 17:05:57:337 // celery.apps.worker | on_consumer_ready || /home/shiva/Desktop/Project/joyfulsurprises/.venv/bin/celery:8: celery@shiva-desktop ready.
INFO - 2024-03-03 17:06:11:270 // celery.worker.control | enable_events || /home/shiva/Desktop/Project/joyfulsurprises/.venv/bin/celery:8: Events of group {task} enabled by remote.
INFO - 2024-03-03 17:07:59:215 // celery.worker.strategy | task_message_handler || /home/shiva/Desktop/Project/joyfulsurprises/.venv/bin/celery:8: Task accounts.tasks.serve_home_page[4f5d5420-ff98-4da2-90a7-e59673e0423d] received
INFO - 2024-03-03 17:07:59:262 // celery.app.trace | info || /home/shiva/Desktop/Project/joyfulsurprises/.venv/bin/celery:8: Task accounts.tasks.serve_home_page[4f5d5420-ff98-4da2-90a7-e59673e0423d] succeeded in 0.004273612000019966s: None
INFO - 2024-03-03 17:49:55:001 // celery.worker.strategy | task_message_handler || /home/shiva/Desktop/Project/joyfulsurprises/.venv/bin/celery:8: Task accounts.tasks.serve_home_page[39f5b989-04c0-415f-8421-41b882068e27] received
INFO - 2024-03-03 17:49:55:014 // celery.app.trace | info || /home/shiva/Desktop/Project/joyfulsurprises/.venv/bin/celery:8: Task accounts.tasks.serve_home_page[39f5b989-04c0-415f-8421-41b882068e27] succeeded in 0.0027996530002383224s: None
INFO - 2024-03-03 17:51:50:692 // celery.worker.strategy | task_message_handler || /home/shiva/Desktop/Project/joyfulsurprises/.venv/bin/celery:8: Task accounts.tasks.serve_home_page[9b258f2c-2889-4765-89b9-68a09ce786b3] received
INFO - 2024-03-03 17:51:50:712 // celery.app.trace | info || /home/shiva/Desktop/Project/joyfulsurprises/.venv/bin/celery:8: Task accounts.tasks.serve_home_page[9b258f2c-2889-4765-89b9-68a09ce786b3] succeeded in 0.00134440200008612s: None
INFO - 2024-03-03 17:59:44:184 // celery.worker.strategy | task_message_handler || /home/shiva/Desktop/Project/joyfulsurprises/.venv/bin/celery:8: Task accounts.tasks.send_verification_email[e8c9600e-f437-43d4-862a-4bb8e321ab68] received
INFO - 2024-03-03 17:59:46:084 // celery.app.trace | info || /home/shiva/Desktop/Project/joyfulsurprises/.venv/bin/celery:8: Task accounts.tasks.send_verification_email[e8c9600e-f437-43d4-862a-4bb8e321ab68] succeeded in 1.892166451000321s: None
INFO - 2024-03-03 18:24:39:515 // celery.worker.strategy | task_message_handler || /home/shiva/Desktop/Project/joyfulsurprises/.venv/bin/celery:8: Task accounts.tasks.send_verification_email[a13ba162-71e7-43a5-89aa-9261c66f63cd] received
INFO - 2024-03-03 18:24:41:493 // celery.app.trace | info || /home/shiva/Desktop/Project/joyfulsurprises/.venv/bin/celery:8: Task accounts.tasks.send_verification_email[a13ba162-71e7-43a5-89aa-9261c66f63cd] succeeded in 1.9697319819997574s: None
INFO - 2024-03-03 18:30:14:022 // celery.worker.strategy | task_message_handler || /home/shiva/Desktop/Project/joyfulsurprises/.venv/bin/celery:8: Task accounts.tasks.serve_home_page[42ceb353-a61a-450b-beb7-a29b7941d69f] received
INFO - 2024-03-03 18:30:14:034 // celery.app.trace | info || /home/shiva/Desktop/Project/joyfulsurprises/.venv/bin/celery:8: Task accounts.tasks.serve_home_page[42ceb353-a61a-450b-beb7-a29b7941d69f] succeeded in 0.002787759999591799s: None
ERROR - 2024-03-03 20:03:13:820 // celery.worker.consumer.consumer | on_unknown_task || /home/shiva/Desktop/Project/joyfulsurprises/.venv/bin/celery:8: Received unregistered task of type 'accounts.tasks.send_forgot_password_email'.
The message has been ignored and discarded.

Did you remember to import the module containing this task?
Or maybe you're using relative imports?

Please see
https://docs.celeryq.dev/en/latest/internals/protocol.html
for more information.

The full contents of the message body was:
b'[["nspr4321@gmail.com", "http://127.0.0.1:8000/reset-password/Mg/c3bx1d-7a2b646757fb1e0b177d1992486cf6ba/"], {}, {"callbacks": null, "errbacks": null, "chain": null, "chord": null}]' (181b)

The full contents of the message headers:
{'lang': 'py', 'task': 'accounts.tasks.send_forgot_password_email', 'id': 'bc87c74d-7e05-42e4-9c1a-61bc72d3ec81', 'shadow': None, 'eta': None, 'expires': None, 'group': None, 'group_index': None, 'retries': 0, 'timelimit': [None, None], 'root_id': 'bc87c74d-7e05-42e4-9c1a-61bc72d3ec81', 'parent_id': None, 'argsrepr': "('nspr4321@gmail.com', 'http://127.0.0.1:8000/reset-password/Mg/c3bx1d-7a2b646757fb1e0b177d1992486cf6ba/')", 'kwargsrepr': '{}', 'origin': 'gen185746@shiva-desktop', 'ignore_result': False, 'replaced_task_nesting': 0, 'stamped_headers': None, 'stamps': {}}

The delivery info for this task is:
{'exchange': '', 'routing_key': 'celery'}
Traceback (most recent call last):
  File "/home/shiva/Desktop/Project/joyfulsurprises/.venv/lib/python3.10/site-packages/celery/worker/consumer/consumer.py", line 658, in on_task_received
    strategy = strategies[type_]
KeyError: 'accounts.tasks.send_forgot_password_email'
